<?xml version="1.0" encoding="UTF-8" ?>
<testsuite errors="0" failures="0" hostname="cesar-Lenovo-IdeaPad-S400" name="domain.TestPuzzleGame" skipped="0" tests="12" time="0.27" timestamp="2017-05-21T22:46:32">
  <properties>
    <property name="ant.project.invoked-targets" value="all-report" />
    <property name="java.runtime.name" value="Java(TM) SE Runtime Environment" />
    <property name="sun.boot.library.path" value="/usr/lib/jvm/java-8-oracle/jre/lib/amd64" />
    <property name="java.vm.version" value="25.66-b17" />
    <property name="ant.library.dir" value="/home/cesar/eclipse java python/plugins/org.apache.ant_1.9.2.v201404171502/lib" />
    <property name="test.home" value="/home/cesar/workspace_testes/Aula5EightPuzzleGame/tests" />
    <property name="ant.version" value="Apache Ant(TM) version 1.9.2 compiled on July 8 2013" />
    <property name="ant.java.version" value="1.8" />
    <property name="java.vm.vendor" value="Oracle Corporation" />
    <property name="java.vendor.url" value="http://java.oracle.com/" />
    <property name="path.separator" value=":" />
    <property name="java.vm.name" value="Java HotSpot(TM) 64-Bit Server VM" />
    <property name="file.encoding.pkg" value="sun.io" />
    <property name="user.country" value="BR" />
    <property name="sun.java.launcher" value="SUN_STANDARD" />
    <property name="sun.os.patch.level" value="unknown" />
    <property name="java.vm.specification.name" value="Java Virtual Machine Specification" />
    <property name="user.dir" value="/home/cesar/workspace_testes/Aula5EightPuzzleGame/scova" />
    <property name="java.runtime.version" value="1.8.0_66-b17" />
    <property name="java.awt.graphicsenv" value="sun.awt.X11GraphicsEnvironment" />
    <property name="basedir" value="/home/cesar/git/scova/build" />
    <property name="java.endorsed.dirs" value="/usr/lib/jvm/java-8-oracle/jre/lib/endorsed" />
    <property name="os.arch" value="amd64" />
    <property name="ant.project.default-target" value="all" />
    <property name="java.io.tmpdir" value="/tmp" />
    <property name="ant.core.lib" value="/home/cesar/eclipse java python/plugins/org.apache.ant_1.9.2.v201404171502/lib/ant.jar" />
    <property name="line.separator" value="&#xa;" />
    <property name="java.vm.specification.vendor" value="Oracle Corporation" />
    <property name="os.name" value="Linux" />
    <property name="ant.home" value="/home/cesar/eclipse java python/plugins/org.apache.ant_1.9.2.v201404171502" />
    <property name="project.output.folder" value="/home/cesar/workspace_testes/Aula5EightPuzzleGame/scova" />
    <property name="scova.classpath" value="../bin;../deps/asm-debug-all-4.1.jar;../deps/commons-io-2.4.jar;../deps/junit-4.10.jar;C:/Users/Aniceto/workspace/junit_original/lib/hamcrest-core-1.3.jar" />
    <property name="sun.jnu.encoding" value="UTF-8" />
    <property name="java.library.path" value="/usr/java/packages/lib/amd64:/usr/lib64:/lib64:/lib:/usr/lib" />
    <property name="java.class.version" value="52.0" />
    <property name="java.specification.name" value="Java Platform API Specification" />
    <property name="sun.management.compiler" value="HotSpot 64-Bit Tiered Compilers" />
    <property name="project.output.classpath" value="/home/cesar/workspace_testes/Aula5EightPuzzleGame/scova" />
    <property name="os.version" value="3.19.0-31-generic" />
    <property name="ant.file" value="/home/cesar/git/scova/build/build.xml" />
    <property name="user.home" value="/home/cesar" />
    <property name="user.timezone" value="" />
    <property name="java.awt.printerjob" value="sun.print.PSPrinterJob" />
    <property name="file.encoding" value="UTF-8" />
    <property name="java.specification.version" value="1.8" />
    <property name="project.input.classpath" value="/home/cesar/workspace_testes/Aula5EightPuzzleGame/bin:/home/cesar/eclipse java python/plugins/org.junit_4.11.0.v201303080030/junit.jar:/home/cesar/eclipse java python/plugins/org.hamcrest.core_1.3.0.v201303031735.jar" />
    <property name="user.name" value="cesar" />
    <property name="java.class.path" value="/home/cesar/workspace_testes/Aula5EightPuzzleGame/scova:/home/cesar/git/scova/lib/bin:/home/cesar/git/scova/deps/junit-4.10.jar:/home/cesar/eclipse java python/plugins/org.apache.ant_1.9.2.v201404171502/lib/ant-launcher.jar:/home/cesar/eclipse java python/plugins/org.apache.ant_1.9.2.v201404171502/lib/ant.jar:/home/cesar/eclipse java python/plugins/org.apache.ant_1.9.2.v201404171502/lib/ant-junit.jar:/home/cesar/eclipse java python/plugins/org.apache.ant_1.9.2.v201404171502/lib/ant-junit4.jar" />
    <property name="java.vm.specification.version" value="1.8" />
    <property name="sun.java.command" value="org.apache.tools.ant.taskdefs.optional.junit.JUnitTestRunner domain.TestPuzzleGame filtertrace=true haltOnError=false haltOnFailure=false formatter=org.apache.tools.ant.taskdefs.optional.junit.OutErrSummaryJUnitResultFormatter showoutput=true outputtoformatters=true logfailedtests=true logtestlistenerevents=false formatter=org.apache.tools.ant.taskdefs.optional.junit.XMLJUnitResultFormatter,/home/cesar/workspace_testes/Aula5EightPuzzleGame/scova/TEST-domain.TestPuzzleGame.xml crashfile=/home/cesar/git/scova/build/junitvmwatcher6502844819733009708.properties propsfile=/home/cesar/git/scova/build/junit7870576379321998094.properties" />
    <property name="java.home" value="/usr/lib/jvm/java-8-oracle/jre" />
    <property name="sun.arch.data.model" value="64" />
    <property name="project.input.folder" value="/home/cesar/workspace_testes/Aula5EightPuzzleGame/bin" />
    <property name="java.specification.vendor" value="Oracle Corporation" />
    <property name="user.language" value="pt" />
    <property name="awt.toolkit" value="sun.awt.X11.XToolkit" />
    <property name="java.vm.info" value="mixed mode" />
    <property name="&lt;!--properties" value="for eight puzzle--&gt;" />
    <property name="java.version" value="1.8.0_66" />
    <property name="java.ext.dirs" value="/usr/lib/jvm/java-8-oracle/jre/lib/ext:/usr/java/packages/lib/ext" />
    <property name="sun.boot.class.path" value="/usr/lib/jvm/java-8-oracle/jre/lib/resources.jar:/usr/lib/jvm/java-8-oracle/jre/lib/rt.jar:/usr/lib/jvm/java-8-oracle/jre/lib/sunrsasign.jar:/usr/lib/jvm/java-8-oracle/jre/lib/jsse.jar:/usr/lib/jvm/java-8-oracle/jre/lib/jce.jar:/usr/lib/jvm/java-8-oracle/jre/lib/charsets.jar:/usr/lib/jvm/java-8-oracle/jre/lib/jfr.jar:/usr/lib/jvm/java-8-oracle/jre/classes" />
    <property name="java.vendor" value="Oracle Corporation" />
    <property name="file.separator" value="/" />
    <property name="java.vendor.url.bug" value="http://bugreport.sun.com/bugreport/" />
    <property name="sun.cpu.endian" value="little" />
    <property name="sun.io.unicode.encoding" value="UnicodeLittle" />
    <property name="sun.cpu.isalist" value="" />
  </properties>
  <testcase classname="domain.TestPuzzleGame" name="testMoveEmptyCellUpFalse" time="0.061" />
  <testcase classname="domain.TestPuzzleGame" name="testMoveEmptyCellLeftTrue" time="0.004" />
  <testcase classname="domain.TestPuzzleGame" name="testMoveEmptyCellLeftFalse" time="0.007" />
  <testcase classname="domain.TestPuzzleGame" name="testMoveEmptyCellBottomFalse" time="0.003" />
  <testcase classname="domain.TestPuzzleGame" name="testMoveEmptyCellBottomTrue" time="0.004" />
  <testcase classname="domain.TestPuzzleGame" name="testMoveEmptyCellRightFalse" time="0.001" />
  <testcase classname="domain.TestPuzzleGame" name="testMoveEmptyCellRightTrue" time="0.006" />
  <testcase classname="domain.TestPuzzleGame" name="testPutTilesInTheBoard" time="0.003" />
  <testcase classname="domain.TestPuzzleGame" name="testMoveEmptyCellNullDirection" time="0.002" />
  <testcase classname="domain.TestPuzzleGame" name="testMoveEmptyCellUpTrue" time="0.003" />
  <testcase classname="domain.TestPuzzleGame" name="testPutTilesInTheBoardErrorLastLine" time="0.002" />
  <testcase classname="domain.TestPuzzleGame" name="testPutTilesInTheBoardErrorBeforeLine" time="0.005" />
  <system-out><![CDATA[--------------------------------------
Begin test capture for : domain/TestPuzzleGame.testMoveEmptyCellUpFalse()V
State Coverage Report for domain/TestPuzzleGame.testMoveEmptyCellUpFalse()V
Modified states: 4 [ "domain/Position.column", "domain/Position.line", "domain/Cell.tile", "domain/PuzzleGame.emptyCell" ]
Covered states: 5 [ "LEFT", "domain/PuzzleGame.board", "domain/PuzzleGame.emptyCell", "domain/TestPuzzleGame.puzzle", "UP" ]
State Coverage: 0.25
End test capture for : domain/TestPuzzleGame.testMoveEmptyCellUpFalse()V
--------------------------------------
--------------------------------------
Begin test capture for : domain/TestPuzzleGame.testMoveEmptyCellLeftTrue()V
State Coverage Report for domain/TestPuzzleGame.testMoveEmptyCellLeftTrue()V
Modified states: 4 [ "domain/Position.column", "domain/Position.line", "domain/Cell.tile", "domain/PuzzleGame.emptyCell" ]
Covered states: 4 [ "LEFT", "domain/PuzzleGame.board", "domain/PuzzleGame.emptyCell", "domain/TestPuzzleGame.puzzle" ]
State Coverage: 0.25
End test capture for : domain/TestPuzzleGame.testMoveEmptyCellLeftTrue()V
--------------------------------------
--------------------------------------
Begin test capture for : domain/TestPuzzleGame.testMoveEmptyCellLeftFalse()V
State Coverage Report for domain/TestPuzzleGame.testMoveEmptyCellLeftFalse()V
Modified states: 4 [ "domain/Position.column", "domain/Position.line", "domain/Cell.tile", "domain/PuzzleGame.emptyCell" ]
Covered states: 4 [ "LEFT", "domain/PuzzleGame.board", "domain/PuzzleGame.emptyCell", "domain/TestPuzzleGame.puzzle" ]
State Coverage: 0.25
End test capture for : domain/TestPuzzleGame.testMoveEmptyCellLeftFalse()V
--------------------------------------
--------------------------------------
Begin test capture for : domain/TestPuzzleGame.testMoveEmptyCellBottomFalse()V
State Coverage Report for domain/TestPuzzleGame.testMoveEmptyCellBottomFalse()V
Modified states: 0 [  ]
Covered states: 3 [ "DOWN", "LEFT", "domain/TestPuzzleGame.puzzle" ]
State Coverage: 0.0
End test capture for : domain/TestPuzzleGame.testMoveEmptyCellBottomFalse()V
--------------------------------------
--------------------------------------
Begin test capture for : domain/TestPuzzleGame.testMoveEmptyCellBottomTrue()V
State Coverage Report for domain/TestPuzzleGame.testMoveEmptyCellBottomTrue()V
Modified states: 4 [ "domain/Position.column", "domain/Position.line", "domain/Cell.tile", "domain/PuzzleGame.emptyCell" ]
Covered states: 5 [ "DOWN", "LEFT", "domain/PuzzleGame.board", "domain/PuzzleGame.emptyCell", "domain/TestPuzzleGame.puzzle" ]
State Coverage: 0.25
End test capture for : domain/TestPuzzleGame.testMoveEmptyCellBottomTrue()V
--------------------------------------
--------------------------------------
Begin test capture for : domain/TestPuzzleGame.testMoveEmptyCellRightFalse()V
State Coverage Report for domain/TestPuzzleGame.testMoveEmptyCellRightFalse()V
Modified states: 0 [  ]
Covered states: 3 [ "LEFT", "RIGHT", "domain/TestPuzzleGame.puzzle" ]
State Coverage: 0.0
End test capture for : domain/TestPuzzleGame.testMoveEmptyCellRightFalse()V
--------------------------------------
--------------------------------------
Begin test capture for : domain/TestPuzzleGame.testMoveEmptyCellRightTrue()V
State Coverage Report for domain/TestPuzzleGame.testMoveEmptyCellRightTrue()V
Modified states: 4 [ "domain/Position.column", "domain/Position.line", "domain/Cell.tile", "domain/PuzzleGame.emptyCell" ]
Covered states: 5 [ "LEFT", "domain/PuzzleGame.board", "domain/PuzzleGame.emptyCell", "RIGHT", "domain/TestPuzzleGame.puzzle" ]
State Coverage: 0.25
End test capture for : domain/TestPuzzleGame.testMoveEmptyCellRightTrue()V
--------------------------------------
--------------------------------------
Begin test capture for : domain/TestPuzzleGame.testPutTilesInTheBoard()V
State Coverage Report for domain/TestPuzzleGame.testPutTilesInTheBoard()V
Modified states: 5 [ "domain/Tile.hash", "domain/Position.column", "domain/Position.line", "domain/Tile.number", "domain/Cell.tile" ]
Covered states: 0 [  ]
State Coverage: 0.0
End test capture for : domain/TestPuzzleGame.testPutTilesInTheBoard()V
--------------------------------------
--------------------------------------
Begin test capture for : domain/TestPuzzleGame.testMoveEmptyCellNullDirection()V
State Coverage Report for domain/TestPuzzleGame.testMoveEmptyCellNullDirection()V
Modified states: 0 [  ]
Covered states: 2 [ "LEFT", "domain/TestPuzzleGame.puzzle" ]
State Coverage: 0.0
End test capture for : domain/TestPuzzleGame.testMoveEmptyCellNullDirection()V
--------------------------------------
--------------------------------------
Begin test capture for : domain/TestPuzzleGame.testMoveEmptyCellUpTrue()V
State Coverage Report for domain/TestPuzzleGame.testMoveEmptyCellUpTrue()V
Modified states: 4 [ "domain/Position.column", "domain/Position.line", "domain/Cell.tile", "domain/PuzzleGame.emptyCell" ]
Covered states: 5 [ "LEFT", "domain/PuzzleGame.board", "domain/PuzzleGame.emptyCell", "domain/TestPuzzleGame.puzzle", "UP" ]
State Coverage: 0.25
End test capture for : domain/TestPuzzleGame.testMoveEmptyCellUpTrue()V
--------------------------------------
--------------------------------------
Begin test capture for : domain/TestPuzzleGame.testPutTilesInTheBoardErrorLastLine()V
--------------------------------------
Begin test capture for : domain/TestPuzzleGame.testPutTilesInTheBoardErrorBeforeLine()V
]]></system-out>
  <system-err><![CDATA[]]></system-err>
</testsuite>
